c:\users\marti\onedrive\escritorio\finalv2\finalv2\x64\debug\vc143.pdb
c:\users\marti\onedrive\escritorio\finalv2\finalv2\x64\debug\vc143.idb
c:\users\marti\onedrive\escritorio\finalv2\finalv2\x64\debug\vista.obj
c:\users\marti\onedrive\escritorio\finalv2\finalv2\x64\debug\programamain.obj
c:\users\marti\onedrive\escritorio\finalv2\finalv2\x64\debug\vendedor.obj
c:\users\marti\onedrive\escritorio\finalv2\finalv2\x64\debug\tienda.obj
c:\users\marti\onedrive\escritorio\finalv2\finalv2\x64\debug\prenda.obj
c:\users\marti\onedrive\escritorio\finalv2\finalv2\x64\debug\cotizacion.obj
c:\users\marti\onedrive\escritorio\finalv2\finalv2\x64\debug\controlador.obj
c:\users\marti\onedrive\escritorio\finalv2\finalv2\x64\debug\menuprincipal.obj
c:\users\marti\onedrive\escritorio\finalv2\finalv2\x64\debug\mainprogram.obj
c:\users\marti\onedrive\escritorio\finalv2\x64\debug\finalv2.exe
c:\users\marti\onedrive\escritorio\finalv2\finalv2\x64\debug\finalv2.ilk
c:\users\marti\onedrive\escritorio\finalv2\x64\debug\finalv2.pdb
c:\users\marti\onedrive\escritorio\finalv2\finalv2\x64\debug\finalv2.tlog\cl.command.1.tlog
c:\users\marti\onedrive\escritorio\finalv2\finalv2\x64\debug\finalv2.tlog\cl.read.1.tlog
c:\users\marti\onedrive\escritorio\finalv2\finalv2\x64\debug\finalv2.tlog\cl.write.1.tlog
c:\users\marti\onedrive\escritorio\finalv2\finalv2\x64\debug\finalv2.tlog\link.command.1.tlog
c:\users\marti\onedrive\escritorio\finalv2\finalv2\x64\debug\finalv2.tlog\link.read.1.tlog
c:\users\marti\onedrive\escritorio\finalv2\finalv2\x64\debug\finalv2.tlog\link.write.1.tlog
